2020-12-21 11:23:47,444 P2768 [INFO] ************************************************************
2020-12-21 11:23:47,444 P2768 [INFO] ConfigSet _OnInstanceBoot
2020-12-21 11:23:47,448 P2768 [INFO] ++++++++++++++++++++++++++++++++++++++++++++++++++++++++++++
2020-12-21 11:23:47,448 P2768 [INFO] Config AWSEBBaseConfig
2020-12-21 11:23:47,450 P2768 [INFO] ============================================================
2020-12-21 11:23:47,450 P2768 [INFO] Command clearbackupfiles
2020-12-21 11:23:47,453 P2768 [INFO] Completed successfully.
2020-12-21 11:23:47,459 P2768 [INFO] ++++++++++++++++++++++++++++++++++++++++++++++++++++++++++++
2020-12-21 11:23:47,459 P2768 [INFO] Config AWSEBMessageOfTheDay
2020-12-21 11:23:47,460 P2768 [INFO] ============================================================
2020-12-21 11:23:47,460 P2768 [INFO] Command 01clearoriginal
2020-12-21 11:23:47,462 P2768 [INFO] Completed successfully.
2020-12-21 11:23:47,463 P2768 [INFO] ============================================================
2020-12-21 11:23:47,463 P2768 [INFO] Command 02createbanner
2020-12-21 11:23:47,467 P2768 [INFO] Completed successfully.
2020-12-21 11:23:47,467 P2768 [INFO] ============================================================
2020-12-21 11:23:47,467 P2768 [INFO] Command 03updatebanner
2020-12-21 11:23:47,478 P2768 [INFO] Completed successfully.
2020-12-21 11:23:47,483 P2768 [INFO] ++++++++++++++++++++++++++++++++++++++++++++++++++++++++++++
2020-12-21 11:23:47,483 P2768 [INFO] Config AWSEBULimitConfig
2020-12-21 11:23:47,484 P2768 [INFO] ============================================================
2020-12-21 11:23:47,484 P2768 [INFO] Command 00removebackup
2020-12-21 11:23:47,487 P2768 [INFO] Completed successfully.
2020-12-21 11:23:47,492 P2768 [INFO] ++++++++++++++++++++++++++++++++++++++++++++++++++++++++++++
2020-12-21 11:23:47,492 P2768 [INFO] Config Infra-InstallContainerHooksPkg
2020-12-21 11:23:47,492 P2768 [INFO] ============================================================
2020-12-21 11:23:47,493 P2768 [INFO] Command 00mkdir
2020-12-21 11:23:47,495 P2768 [INFO] Completed successfully.
2020-12-21 11:23:47,495 P2768 [INFO] ============================================================
2020-12-21 11:23:47,496 P2768 [INFO] Command 01download_container_hooks
2020-12-21 11:23:47,622 P2768 [INFO] Completed successfully.
2020-12-21 11:23:47,622 P2768 [INFO] ============================================================
2020-12-21 11:23:47,622 P2768 [INFO] Command 02install_container_hooks
2020-12-21 11:23:47,629 P2768 [INFO] Completed successfully.
2020-12-21 11:23:47,629 P2768 [INFO] ============================================================
2020-12-21 11:23:47,629 P2768 [INFO] Command 03cleanup
2020-12-21 11:23:47,632 P2768 [INFO] Completed successfully.
2020-12-21 11:23:47,637 P2768 [INFO] ++++++++++++++++++++++++++++++++++++++++++++++++++++++++++++
2020-12-21 11:23:47,637 P2768 [INFO] Config Infra-WriteLeaderTestScript
2020-12-21 11:23:47,642 P2768 [INFO] ++++++++++++++++++++++++++++++++++++++++++++++++++++++++++++
2020-12-21 11:23:47,643 P2768 [INFO] Config Infra-WriteTailLogsConf
2020-12-21 11:23:47,647 P2768 [INFO] ++++++++++++++++++++++++++++++++++++++++++++++++++++++++++++
2020-12-21 11:23:47,648 P2768 [INFO] Config Infra-WriteSystemTailLogsConf
2020-12-21 11:23:47,653 P2768 [INFO] ++++++++++++++++++++++++++++++++++++++++++++++++++++++++++++
2020-12-21 11:23:47,653 P2768 [INFO] Config Infra-WriteBundleLogsConf
2020-12-21 11:23:47,657 P2768 [INFO] ++++++++++++++++++++++++++++++++++++++++++++++++++++++++++++
2020-12-21 11:23:47,658 P2768 [INFO] Config Infra-WritePublishLogsConf
2020-12-21 11:23:47,661 P2768 [INFO] ++++++++++++++++++++++++++++++++++++++++++++++++++++++++++++
2020-12-21 11:23:47,661 P2768 [INFO] Config Infra-WritePublishLogsCron
2020-12-21 11:23:56,400 P3095 [INFO] ************************************************************
2020-12-21 11:23:56,400 P3095 [INFO] ConfigSet Infra-EmbeddedPreBuild
2020-12-21 11:24:24,843 P3374 [INFO] ************************************************************
2020-12-21 11:24:24,843 P3374 [INFO] ConfigSet Infra-EmbeddedPostBuild
2020-12-31 10:22:40,516 P18038 [INFO] ************************************************************
2020-12-31 10:22:40,516 P18038 [INFO] ConfigSet Infra-EmbeddedPreBuild
2020-12-31 10:23:14,563 P18338 [INFO] ************************************************************
2020-12-31 10:23:14,563 P18338 [INFO] ConfigSet Infra-EmbeddedPostBuild
2020-12-31 10:37:19,494 P1384 [INFO] ************************************************************
2020-12-31 10:37:19,494 P1384 [INFO] ConfigSet Infra-EmbeddedPreBuild
2020-12-31 10:38:24,982 P2237 [INFO] ************************************************************
2020-12-31 10:38:24,982 P2237 [INFO] ConfigSet Infra-EmbeddedPostBuild
