2020-12-21 11:23:47,434 [INFO] -----------------------Starting build-----------------------
2020-12-21 11:23:47,441 [INFO] Running configSets: _OnInstanceBoot
2020-12-21 11:23:47,444 [INFO] Running configSet _OnInstanceBoot
2020-12-21 11:23:47,448 [INFO] Running config AWSEBBaseConfig
2020-12-21 11:23:47,453 [INFO] Command clearbackupfiles succeeded
2020-12-21 11:23:47,459 [INFO] Running config AWSEBMessageOfTheDay
2020-12-21 11:23:47,463 [INFO] Command 01clearoriginal succeeded
2020-12-21 11:23:47,467 [INFO] Command 02createbanner succeeded
2020-12-21 11:23:47,478 [INFO] Command 03updatebanner succeeded
2020-12-21 11:23:47,483 [INFO] Running config AWSEBULimitConfig
2020-12-21 11:23:47,487 [INFO] Command 00removebackup succeeded
2020-12-21 11:23:47,492 [INFO] Running config Infra-InstallContainerHooksPkg
2020-12-21 11:23:47,495 [INFO] Command 00mkdir succeeded
2020-12-21 11:23:47,622 [INFO] Command 01download_container_hooks succeeded
2020-12-21 11:23:47,629 [INFO] Command 02install_container_hooks succeeded
2020-12-21 11:23:47,632 [INFO] Command 03cleanup succeeded
2020-12-21 11:23:47,637 [INFO] Running config Infra-WriteLeaderTestScript
2020-12-21 11:23:47,642 [INFO] Running config Infra-WriteTailLogsConf
2020-12-21 11:23:47,647 [INFO] Running config Infra-WriteSystemTailLogsConf
2020-12-21 11:23:47,652 [INFO] Running config Infra-WriteBundleLogsConf
2020-12-21 11:23:47,657 [INFO] Running config Infra-WritePublishLogsConf
2020-12-21 11:23:47,661 [INFO] Running config Infra-WritePublishLogsCron
2020-12-21 11:23:47,663 [INFO] ConfigSets completed
2020-12-21 11:23:47,663 [INFO] -----------------------Build complete-----------------------
2020-12-21 11:23:56,390 [INFO] -----------------------Starting build-----------------------
2020-12-21 11:23:56,397 [INFO] Running configSets: Infra-EmbeddedPreBuild
2020-12-21 11:23:56,400 [INFO] Running configSet Infra-EmbeddedPreBuild
2020-12-21 11:23:56,400 [INFO] ConfigSets completed
2020-12-21 11:23:56,400 [INFO] -----------------------Build complete-----------------------
2020-12-21 11:24:24,833 [INFO] -----------------------Starting build-----------------------
2020-12-21 11:24:24,840 [INFO] Running configSets: Infra-EmbeddedPostBuild
2020-12-21 11:24:24,843 [INFO] Running configSet Infra-EmbeddedPostBuild
2020-12-21 11:24:24,843 [INFO] ConfigSets completed
2020-12-21 11:24:24,843 [INFO] -----------------------Build complete-----------------------
2020-12-31 10:22:40,506 [INFO] -----------------------Starting build-----------------------
2020-12-31 10:22:40,513 [INFO] Running configSets: Infra-EmbeddedPreBuild
2020-12-31 10:22:40,516 [INFO] Running configSet Infra-EmbeddedPreBuild
2020-12-31 10:22:40,516 [INFO] ConfigSets completed
2020-12-31 10:22:40,517 [INFO] -----------------------Build complete-----------------------
2020-12-31 10:23:14,552 [INFO] -----------------------Starting build-----------------------
2020-12-31 10:23:14,559 [INFO] Running configSets: Infra-EmbeddedPostBuild
2020-12-31 10:23:14,563 [INFO] Running configSet Infra-EmbeddedPostBuild
2020-12-31 10:23:14,563 [INFO] ConfigSets completed
2020-12-31 10:23:14,564 [INFO] -----------------------Build complete-----------------------
2020-12-31 10:37:19,475 [INFO] -----------------------Starting build-----------------------
2020-12-31 10:37:19,490 [INFO] Running configSets: Infra-EmbeddedPreBuild
2020-12-31 10:37:19,493 [INFO] Running configSet Infra-EmbeddedPreBuild
2020-12-31 10:37:19,494 [INFO] ConfigSets completed
2020-12-31 10:37:19,494 [INFO] -----------------------Build complete-----------------------
2020-12-31 10:38:24,961 [INFO] -----------------------Starting build-----------------------
2020-12-31 10:38:24,975 [INFO] Running configSets: Infra-EmbeddedPostBuild
2020-12-31 10:38:24,982 [INFO] Running configSet Infra-EmbeddedPostBuild
2020-12-31 10:38:24,983 [INFO] ConfigSets completed
2020-12-31 10:38:24,983 [INFO] -----------------------Build complete-----------------------
