[2020-12-21T11:23:44Z] Started EB User Data
+ SLEEP_TIME=10
+ SLEEP_TIME_MAX=3600
+ true
+ curl https://s3.dualstack.eu-west-2.amazonaws.com/elasticbeanstalk-env-resources-eu-west-2/stalks/eb_node_js_4.0.1.201652.0/lib/UserDataScript.sh
  % Total    % Received % Xferd  Average Speed   Time    Time     Time  Current
                                 Dload  Upload   Total   Spent    Left  Speed
  0     0    0     0    0     0      0      0 --:--:-- --:--:-- --:--:--     0100 12536  100 12536    0     0  84029      0 --:--:-- --:--:-- --:--:-- 84134
+ RESULT=0
+ [[ 0 -ne 0 ]]
+ /bin/bash /tmp/ebbootstrap.sh https://s3.dualstack.eu-west-2.amazonaws.com/elasticbeanstalk-env-resources-eu-west-2/stalks/eb_node_js_4.0.1.201652.0/lib/aws-elasticbeanstalk-tools-1.20-1.noarch.rpm 'https://s3.dualstack.eu-west-2.amazonaws.com/elasticbeanstalk-env-resources-eu-west-2/stalks/eb_node_js_4.0.1.201652.0/lib/awseb-ruby-2.2.4-x86_64-20160503_1008.tar.gz https://s3.dualstack.eu-west-2.amazonaws.com/elasticbeanstalk-env-resources-eu-west-2/stalks/eb_node_js_4.0.1.201652.0/lib/basehooks.tar.gz' 'https://s3.dualstack.eu-west-2.amazonaws.com/elasticbeanstalk-env-resources-eu-west-2/stalks/eb_node_js_4.0.1.201652.0/lib/beanstalk-core-2.12.gem https://s3.dualstack.eu-west-2.amazonaws.com/elasticbeanstalk-env-resources-eu-west-2/stalks/eb_node_js_4.0.1.201652.0/lib/beanstalk-core-healthd-1.1.gem https://s3.dualstack.eu-west-2.amazonaws.com/elasticbeanstalk-env-resources-eu-west-2/stalks/eb_node_js_4.0.1.201652.0/lib/executor-1.2.gem' 'https://cloudformation-waitcondition-eu-west-2.s3.eu-west-2.amazonaws.com/arn%3Aaws%3Acloudformation%3Aeu-west-2%3A657963024342%3Astack/awseb-e-3kpp23zhph-stack/0d57f770-0ae8-11e9-9d63-5081eddf4462/AWSEBInstanceLaunchWaitHandle?X-Amz-Algorithm=AWS4-HMAC-SHA256&X-Amz-Date=20181228T213221Z&X-Amz-SignedHeaders=host&X-Amz-Expires=86399&X-Amz-Credential=AKIAJMYNI76TPDESAT2A%2F20181228%2Feu-west-2%2Fs3%2Faws4_request&X-Amz-Signature=1fe94e3286f5e54951bb6b9cad3f453f1734a28f693461569ab92459adef1ee4' arn:aws:cloudformation:eu-west-2:657963024342:stack/awseb-e-3kpp23zhph-stack/0d57f770-0ae8-11e9-9d63-5081eddf4462 eu-west-2 9f831135fa79 548deaab-b83a-4b4a-8c5d-2a3bbfc2d4ee '' nginx ''
[2020-12-21T11:23:44.746Z] Started EB Bootstrapping Script.
[2020-12-21T11:23:44.759Z] Received parameters:
 RPMS = https://s3.dualstack.eu-west-2.amazonaws.com/elasticbeanstalk-env-resources-eu-west-2/stalks/eb_node_js_4.0.1.201652.0/lib/aws-elasticbeanstalk-tools-1.20-1.noarch.rpm
 TARBALLS = https://s3.dualstack.eu-west-2.amazonaws.com/elasticbeanstalk-env-resources-eu-west-2/stalks/eb_node_js_4.0.1.201652.0/lib/awseb-ruby-2.2.4-x86_64-20160503_1008.tar.gz https://s3.dualstack.eu-west-2.amazonaws.com/elasticbeanstalk-env-resources-eu-west-2/stalks/eb_node_js_4.0.1.201652.0/lib/basehooks.tar.gz
 EB_GEMS = https://s3.dualstack.eu-west-2.amazonaws.com/elasticbeanstalk-env-resources-eu-west-2/stalks/eb_node_js_4.0.1.201652.0/lib/beanstalk-core-2.12.gem https://s3.dualstack.eu-west-2.amazonaws.com/elasticbeanstalk-env-resources-eu-west-2/stalks/eb_node_js_4.0.1.201652.0/lib/beanstalk-core-healthd-1.1.gem https://s3.dualstack.eu-west-2.amazonaws.com/elasticbeanstalk-env-resources-eu-west-2/stalks/eb_node_js_4.0.1.201652.0/lib/executor-1.2.gem
 SIGNAL_URL = https://cloudformation-waitcondition-eu-west-2.s3.eu-west-2.amazonaws.com/arn%3Aaws%3Acloudformation%3Aeu-west-2%3A657963024342%3Astack/awseb-e-3kpp23zhph-stack/0d57f770-0ae8-11e9-9d63-5081eddf4462/AWSEBInstanceLaunchWaitHandle?X-Amz-Algorithm=AWS4-HMAC-SHA256&X-Amz-Date=20181228T213221Z&X-Amz-SignedHeaders=host&X-Amz-Expires=86399&X-Amz-Credential=AKIAJMYNI76TPDESAT2A%2F20181228%2Feu-west-2%2Fs3%2Faws4_request&X-Amz-Signature=1fe94e3286f5e54951bb6b9cad3f453f1734a28f693461569ab92459adef1ee4
 STACK_ID = arn:aws:cloudformation:eu-west-2:657963024342:stack/awseb-e-3kpp23zhph-stack/0d57f770-0ae8-11e9-9d63-5081eddf4462
 REGION = eu-west-2
 GUID = 9f831135fa79
 HEALTHD_GROUP_ID = 548deaab-b83a-4b4a-8c5d-2a3bbfc2d4ee
 HEALTHD_ENDPOINT = 
 PROXY_SERVER = nginx
 HEALTHD_PROXY_LOG_LOCATION =
[2020-12-21T11:23:44.814Z] Synchronizing network time in background.
[2020-12-21T11:23:44.844Z] yum repo has already been locked to 9f831135fa79.
[2020-12-21T11:23:44.849Z] yum update has already been done.
Shutting down ntpd: [2020-12-21T11:23:44.892Z] Completed creating AWS EB users and groups.
[2020-12-21T11:23:44.922Z] Started executing install_rpms https://s3.dualstack.eu-west-2.amazonaws.com/elasticbeanstalk-env-resources-eu-west-2/stalks/eb_node_js_4.0.1.201652.0/lib/aws-elasticbeanstalk-tools-1.20-1.noarch.rpm.
[2020-12-21T11:23:44.946Z] Installing RPM: https://s3.dualstack.eu-west-2.amazonaws.com/elasticbeanstalk-env-resources-eu-west-2/stalks/eb_node_js_4.0.1.201652.0/lib/aws-elasticbeanstalk-tools-1.20-1.noarch.rpm.
[  OK  ]
[2020-12-21T11:23:45.065Z] aws-elasticbeanstalk-tools-1.20-1.noarch has already been installed. Skip installing.
[2020-12-21T11:23:45.073Z] Command Returned: 
[2020-12-21T11:23:45.079Z] Completed executing install_rpms.
[2020-12-21T11:23:45.085Z] Started executing install_tarballs https://s3.dualstack.eu-west-2.amazonaws.com/elasticbeanstalk-env-resources-eu-west-2/stalks/eb_node_js_4.0.1.201652.0/lib/awseb-ruby-2.2.4-x86_64-20160503_1008.tar.gz https://s3.dualstack.eu-west-2.amazonaws.com/elasticbeanstalk-env-resources-eu-west-2/stalks/eb_node_js_4.0.1.201652.0/lib/basehooks.tar.gz.
[2020-12-21T11:23:45.105Z] Installing tarball: https://s3.dualstack.eu-west-2.amazonaws.com/elasticbeanstalk-env-resources-eu-west-2/stalks/eb_node_js_4.0.1.201652.0/lib/awseb-ruby-2.2.4-x86_64-20160503_1008.tar.gz.
[2020-12-21T11:23:45.106Z] awseb-ruby-2.2.4-x86_64-20160503_1008.tar.gz has already been installed. Skip installing.
[2020-12-21T11:23:45.108Z] Installing tarball: https://s3.dualstack.eu-west-2.amazonaws.com/elasticbeanstalk-env-resources-eu-west-2/stalks/eb_node_js_4.0.1.201652.0/lib/basehooks.tar.gz.
[2020-12-21T11:23:45.264Z] Command Returned: 

2020-12-21 11:23:45 URL:https://s3.dualstack.eu-west-2.amazonaws.com/elasticbeanstalk-env-resources-eu-west-2/stalks/eb_node_js_4.0.1.201652.0/lib/basehooks.tar.gz [5886/5886] -> "/tmp/basehooks.tar.gz" [1]
[2020-12-21T11:23:45.271Z] Completed executing install_tarballs.
[2020-12-21T11:23:45.284Z] Started executing install_eb_gems https://s3.dualstack.eu-west-2.amazonaws.com/elasticbeanstalk-env-resources-eu-west-2/stalks/eb_node_js_4.0.1.201652.0/lib/beanstalk-core-2.12.gem https://s3.dualstack.eu-west-2.amazonaws.com/elasticbeanstalk-env-resources-eu-west-2/stalks/eb_node_js_4.0.1.201652.0/lib/beanstalk-core-healthd-1.1.gem https://s3.dualstack.eu-west-2.amazonaws.com/elasticbeanstalk-env-resources-eu-west-2/stalks/eb_node_js_4.0.1.201652.0/lib/executor-1.2.gem.
[2020-12-21T11:23:45.316Z] Installing EB Gem: https://s3.dualstack.eu-west-2.amazonaws.com/elasticbeanstalk-env-resources-eu-west-2/stalks/eb_node_js_4.0.1.201652.0/lib/beanstalk-core-2.12.gem.
[2020-12-21T11:23:46.199Z] beanstalk-core-2.12 has already been installed. Skip installing.
[2020-12-21T11:23:46.207Z] Installing EB Gem: https://s3.dualstack.eu-west-2.amazonaws.com/elasticbeanstalk-env-resources-eu-west-2/stalks/eb_node_js_4.0.1.201652.0/lib/beanstalk-core-healthd-1.1.gem.
[2020-12-21T11:23:46.385Z] beanstalk-core-healthd-1.1 has already been installed. Skip installing.
[2020-12-21T11:23:46.396Z] Installing EB Gem: https://s3.dualstack.eu-west-2.amazonaws.com/elasticbeanstalk-env-resources-eu-west-2/stalks/eb_node_js_4.0.1.201652.0/lib/executor-1.2.gem.
[2020-12-21T11:23:46.573Z] executor-1.2 has already been installed. Skip installing.
[2020-12-21T11:23:46.582Z] Command Returned: 
[2020-12-21T11:23:46.587Z] Completed executing install_eb_gems.
[2020-12-21T11:23:46.593Z] Starting healthd
initctl: Unknown instance: 
healthd start/running, process 2753
[2020-12-21T11:23:46.816Z] First init of instance.
[2020-12-21T11:23:46.826Z] Started executing cfn_init _OnInstanceBoot first_init.
[2020-12-21T11:23:46.839Z] Running cfn-init ConfigSet: _OnInstanceBoot.
[2020-12-21T11:23:47.678Z] Command Returned: 
[2020-12-21T11:23:47.683Z] Completed executing cfn_init.
[2020-12-21T11:23:47.762Z] Check whether controlled by launch workflow...
[2020-12-21T11:23:48.274Z] Scaled up instance. Running full self-initiated provisioning.
[2020-12-21T11:23:48.280Z] Started executing run_eb_command { "api_version" : "1.0", "request_id": "0", "command_name": "CMD-PreInit" } .
[2020-12-21T11:23:48.288Z] Running EB Command: { "api_version" : "1.0", "request_id": "0", "command_name": "CMD-PreInit" } .
[2020-12-21T11:23:55.657Z] Command Returned: {"status":"SUCCESS","api_version":"1.0","results":[{"status":"SUCCESS","msg":"","returncode":0,"events":[]}]}
[2020-12-21T11:23:55.668Z] Completed executing run_eb_command.
[2020-12-21T11:23:55.675Z] Started executing run_eb_command { "api_version" : "1.0", "request_id": "0", "command_name": "CMD-SelfStartup" } .
[2020-12-21T11:23:55.685Z] Running EB Command: { "api_version" : "1.0", "request_id": "0", "command_name": "CMD-SelfStartup" } .
21 Dec 11:23:55 ntpdate[2683]: adjust time server 85.199.214.98 offset -0.103507 sec
Starting ntpd: [  OK  ]
[2020-12-21T11:24:33.488Z] Command Returned: {"status":"SUCCESS","api_version":"1.0","results":[{"status":"SUCCESS","msg":"","returncode":0,"events":[]}]}
[2020-12-21T11:24:33.501Z] Completed executing run_eb_command.
[2020-12-21T11:24:33.512Z] Started executing start_cfn_hup.
[2020-12-21T11:24:33.520Z] Starting cfn-hup.
[2020-12-21T11:24:33.540Z] Command Returned: cfn-hup start/running, process 3614
[2020-12-21T11:24:33.552Z] Completed executing start_cfn_hup.
[2020-12-21T11:24:33.572Z] Successfully bootstrapped instance.
[2020-12-21T11:24:33.880Z] Sending signal 0 to CFN wait condition https://cloudformation-waitcondition-eu-west-2.s3.eu-west-2.amazonaws.com/arn%3Aaws%3Acloudformation%3Aeu-west-2%3A657963024342%3Astack/awseb-e-3kpp23zhph-stack/0d57f770-0ae8-11e9-9d63-5081eddf4462/AWSEBInstanceLaunchWaitHandle?X-Amz-Algorithm=AWS4-HMAC-SHA256&X-Amz-Date=20181228T213221Z&X-Amz-SignedHeaders=host&X-Amz-Expires=86399&X-Amz-Credential=AKIAJMYNI76TPDESAT2A%2F20181228%2Feu-west-2%2Fs3%2Faws4_request&X-Amz-Signature=1fe94e3286f5e54951bb6b9cad3f453f1734a28f693461569ab92459adef1ee4
Error signaling CloudFormation: [Errno 403] HTTP Error 403 : <?xml version="1.0" encoding="UTF-8"?>
<Error><Code>AccessDenied</Code><Message>Request has expired</Message><X-Amz-Expires>86399</X-Amz-Expires><Expires>2018-12-29T21:32:20Z</Expires><ServerTime>2020-12-21T11:24:34Z</ServerTime><RequestId>D8927AC77EE68788</RequestId><HostId>ano01cOI0u/97rxnjo+qZBqPzgmBUIv6jX27Q1h552RTPxZIElwmDSBAB7MvhaIe9NvEOrylW8k=</HostId></Error>
[2020-12-21T11:24:34.506Z] Wait Condition Signal expired.
[2020-12-21T11:24:34.512Z] Tailing /var/log/eb-commandprocessor.log

******************* eb-commandprocessor taillog *******************
[2020-12-21T11:23:55.832Z] INFO  [3059]  : Command is applicable to this instance (i-014f4473e061e7aa7)..
[2020-12-21T11:23:55.832Z] DEBUG [3059]  : Checking if the received command stage is valid..
[2020-12-21T11:23:55.832Z] INFO  [3059]  : No stage_num in command. Valid stage..
[2020-12-21T11:23:55.832Z] INFO  [3059]  : Received command CMD-SelfStartup: {"api_version"=>"1.0", "request_id"=>"0", "command_name"=>"CMD-SelfStartup"}
[2020-12-21T11:23:55.832Z] INFO  [3059]  : Command processor should execute command.
[2020-12-21T11:23:55.832Z] DEBUG [3059]  : Storing current stage..
[2020-12-21T11:23:55.832Z] DEBUG [3059]  : Stage_num does not exist. Not saving null stage. Returning..
[2020-12-21T11:23:55.832Z] DEBUG [3059]  : Reading config file: /etc/elasticbeanstalk/.aws-eb-stack.properties
[2020-12-21T11:23:55.832Z] DEBUG [3059]  : Retrieving metadata for key: AWS::ElasticBeanstalk::Ext||_ContainerConfigFileContent||commands..
[2020-12-21T11:23:55.833Z] DEBUG [3059]  : Retrieving metadata for key: AWS::ElasticBeanstalk::Ext||_API||_Commands..
[2020-12-21T11:23:55.834Z] INFO  [3059]  : Found enabled addons: ["logstreaming", "logpublish"].
[2020-12-21T11:23:55.835Z] INFO  [3059]  : Updating Command definition of addon logstreaming.
[2020-12-21T11:23:55.835Z] INFO  [3059]  : Updating Command definition of addon logpublish.
[2020-12-21T11:23:55.835Z] DEBUG [3059]  : Refreshing metadata...
[2020-12-21T11:23:55.836Z] DEBUG [3059]  : Using cached environment metadata.
[2020-12-21T11:23:55.836Z] INFO  [3059]  : Recreated directory /opt/elasticbeanstalk/deploy/configuration/.
[2020-12-21T11:23:55.836Z] DEBUG [3059]  : Retrieving metadata for key: AWS::ElasticBeanstalk::Ext||_AppSourceUrlFileContent||url..
[2020-12-21T11:23:55.836Z] INFO  [3059]  : Created appsource url file at /opt/elasticbeanstalk/deploy/configuration/appsourceurl.
[2020-12-21T11:23:55.836Z] DEBUG [3059]  : Retrieving metadata for key: AWS::ElasticBeanstalk::Ext||_ContainerConfigFileContent..
[2020-12-21T11:23:55.837Z] INFO  [3059]  : Created container config file at /opt/elasticbeanstalk/deploy/configuration/containerconfiguration.
[2020-12-21T11:23:55.837Z] DEBUG [3059]  : Retrieving metadata for key: AWS::ElasticBeanstalk::Ext||_ContainerConfigFileContent||commands..
[2020-12-21T11:23:55.838Z] DEBUG [3059]  : Retrieving metadata for key: AWS::ElasticBeanstalk::Ext||_API||_Commands..
[2020-12-21T11:23:55.838Z] INFO  [3059]  : Found enabled addons: ["logstreaming", "logpublish"].
[2020-12-21T11:23:55.839Z] INFO  [3059]  : Updating Command definition of addon logstreaming.
[2020-12-21T11:23:55.839Z] INFO  [3059]  : Updating Command definition of addon logpublish.
[2020-12-21T11:23:55.839Z] DEBUG [3059]  : Loaded definition of Command CMD-SelfStartup.
[2020-12-21T11:23:55.840Z] INFO  [3059]  : Executing Application deployment
[2020-12-21T11:23:55.840Z] INFO  [3059]  : Executing command: CMD-SelfStartup...
[2020-12-21T11:23:55.840Z] INFO  [3059]  : Executing command CMD-SelfStartup activities...
[2020-12-21T11:23:55.840Z] DEBUG [3059]  : Setting environment variables..
[2020-12-21T11:23:55.840Z] INFO  [3059]  : Running AddonsBefore for command CMD-SelfStartup...
[2020-12-21T11:23:55.990Z] DEBUG [3059]  : Running stages of Command CMD-SelfStartup from stage 0 to stage 1...
[2020-12-21T11:23:55.990Z] INFO  [3059]  : Running stage 0 of command CMD-SelfStartup...
[2020-12-21T11:23:55.990Z] DEBUG [3059]  : Loaded 7 actions for stage 0.
[2020-12-21T11:23:55.990Z] INFO  [3059]  : Running 1 of 7 actions: HealthdLogRotation...
[2020-12-21T11:23:55.994Z] INFO  [3059]  : Running 2 of 7 actions: HealthdHTTPDLogging...
[2020-12-21T11:23:55.995Z] INFO  [3059]  : Running 3 of 7 actions: HealthdNginxLogging...
[2020-12-21T11:23:55.995Z] INFO  [3059]  : Running 4 of 7 actions: EbExtensionPreBuild...
[2020-12-21T11:23:56.415Z] INFO  [3059]  : Running 5 of 7 actions: AppDeployPreHook...
[2020-12-21T11:24:24.456Z] INFO  [3059]  : Running 6 of 7 actions: EbExtensionPostBuild...
[2020-12-21T11:24:24.858Z] INFO  [3059]  : Running 7 of 7 actions: InfraCleanEbextension...
[2020-12-21T11:24:24.919Z] INFO  [3059]  : Running stage 1 of command CMD-SelfStartup...
[2020-12-21T11:24:24.919Z] DEBUG [3059]  : Loaded 3 actions for stage 1.
[2020-12-21T11:24:24.919Z] INFO  [3059]  : Running 1 of 3 actions: AppDeployEnactHook...
[2020-12-21T11:24:33.305Z] INFO  [3059]  : Running 2 of 3 actions: AppDeployPostHook...
[2020-12-21T11:24:33.305Z] INFO  [3059]  : Running 3 of 3 actions: PostInitHook...
[2020-12-21T11:24:33.305Z] INFO  [3059]  : Running AddonsAfter for command CMD-SelfStartup...
[2020-12-21T11:24:33.471Z] INFO  [3059]  : Command CMD-SelfStartup succeeded!
[2020-12-21T11:24:33.471Z] INFO  [3059]  : Command processor returning results: 
{"status":"SUCCESS","api_version":"1.0","results":[{"status":"SUCCESS","msg":"","returncode":0,"events":[]}]}
******************* End of taillog *******************


[2020-12-21T11:24:34.531Z] Tailing /var/log/eb-activity.log

******************* eb-activity taillog *******************
  + FILE_NAME=/etc/nginx/conf.d/00_elastic_beanstalk_proxy.conf
  + /bin/cp /tmp/deployment/config/#etc#nginx#conf.d#00_elastic_beanstalk_proxy.conf /etc/nginx/conf.d/00_elastic_beanstalk_proxy.conf
  + for i in '$(ls $EB_CONFIG_STAGING_DIR)'
  ++ sed -e 's/#/\//g'
  ++ echo '#etc#nginx#nginx.conf'
  + FILE_NAME=/etc/nginx/nginx.conf
  + /bin/cp /tmp/deployment/config/#etc#nginx#nginx.conf /etc/nginx/nginx.conf
[2020-12-21T11:24:29.210Z] INFO  [3059]  - [Application deployment code-pipeline-1557071909827-BuildArtifact-ffdb3753-294a-407a-bec1-cf5eeb0e9712@12/StartupStage1/AppDeployEnactHook/50start.sh] : Starting activity...
[2020-12-21T11:24:30.635Z] INFO  [3059]  - [Application deployment code-pipeline-1557071909827-BuildArtifact-ffdb3753-294a-407a-bec1-cf5eeb0e9712@12/StartupStage1/AppDeployEnactHook/50start.sh] : Completed activity. Result:
  + /opt/elasticbeanstalk/containerfiles/ebnode.py --action start-all
  nodejs start/running, process 3551
  nginx start/running, process 3567
[2020-12-21T11:24:30.635Z] INFO  [3059]  - [Application deployment code-pipeline-1557071909827-BuildArtifact-ffdb3753-294a-407a-bec1-cf5eeb0e9712@12/StartupStage1/AppDeployEnactHook/60monitor_pids.sh] : Starting activity...
[2020-12-21T11:24:31.061Z] INFO  [3059]  - [Application deployment code-pipeline-1557071909827-BuildArtifact-ffdb3753-294a-407a-bec1-cf5eeb0e9712@12/StartupStage1/AppDeployEnactHook/60monitor_pids.sh] : Completed activity. Result:
  + '[' -d /etc/healthd ']'
  ++ /opt/elasticbeanstalk/bin/get-config optionsettings --namespace aws:elasticbeanstalk:container:nodejs --option-name ProxyServer
  + PROXY_SERVER=nginx
  + case "$PROXY_SERVER" in
  + /opt/elasticbeanstalk/bin/healthd-track-pidfile --proxy nginx
  + /opt/elasticbeanstalk/bin/healthd-track-pidfile --name application --location /var/run/nodejs.pid
[2020-12-21T11:24:31.061Z] INFO  [3059]  - [Application deployment code-pipeline-1557071909827-BuildArtifact-ffdb3753-294a-407a-bec1-cf5eeb0e9712@12/StartupStage1/AppDeployEnactHook/70restart_healthd.sh] : Starting activity...
[2020-12-21T11:24:33.305Z] INFO  [3059]  - [Application deployment code-pipeline-1557071909827-BuildArtifact-ffdb3753-294a-407a-bec1-cf5eeb0e9712@12/StartupStage1/AppDeployEnactHook/70restart_healthd.sh] : Completed activity. Result:
  + '[' -d /etc/healthd ']'
  ++ /opt/elasticbeanstalk/bin/get-config optionsettings --namespace aws:elasticbeanstalk:container:nodejs --option-name ProxyServer
  + PROXY_SERVER=nginx
  + '[' -f /etc/healthd/config.yaml ']'
  + case "$PROXY_SERVER" in
  ++ grep -L /var/log/nginx/healthd/application.log /etc/healthd/config.yaml
  + '[' ']'
  + /opt/elasticbeanstalk/bin/healthd-restart
[2020-12-21T11:24:33.305Z] INFO  [3059]  - [Application deployment code-pipeline-1557071909827-BuildArtifact-ffdb3753-294a-407a-bec1-cf5eeb0e9712@12/StartupStage1/AppDeployEnactHook] : Completed activity. Result:
  Successfully execute hooks in directory /opt/elasticbeanstalk/hooks/appdeploy/enact.
[2020-12-21T11:24:33.305Z] INFO  [3059]  - [Application deployment code-pipeline-1557071909827-BuildArtifact-ffdb3753-294a-407a-bec1-cf5eeb0e9712@12/StartupStage1/AppDeployPostHook] : Starting activity...
[2020-12-21T11:24:33.305Z] INFO  [3059]  - [Application deployment code-pipeline-1557071909827-BuildArtifact-ffdb3753-294a-407a-bec1-cf5eeb0e9712@12/StartupStage1/AppDeployPostHook] : Completed activity. Result:
  Successfully execute hooks in directory /opt/elasticbeanstalk/hooks/appdeploy/post.
[2020-12-21T11:24:33.305Z] INFO  [3059]  - [Application deployment code-pipeline-1557071909827-BuildArtifact-ffdb3753-294a-407a-bec1-cf5eeb0e9712@12/StartupStage1/PostInitHook] : Starting activity...
[2020-12-21T11:24:33.305Z] INFO  [3059]  - [Application deployment code-pipeline-1557071909827-BuildArtifact-ffdb3753-294a-407a-bec1-cf5eeb0e9712@12/StartupStage1/PostInitHook] : Completed activity. Result:
  Successfully execute hooks in directory /opt/elasticbeanstalk/hooks/postinit.
[2020-12-21T11:24:33.305Z] INFO  [3059]  - [Application deployment code-pipeline-1557071909827-BuildArtifact-ffdb3753-294a-407a-bec1-cf5eeb0e9712@12/StartupStage1] : Completed activity. Result:
  Application deployment - Command CMD-SelfStartup stage 1 completed
[2020-12-21T11:24:33.305Z] INFO  [3059]  - [Application deployment code-pipeline-1557071909827-BuildArtifact-ffdb3753-294a-407a-bec1-cf5eeb0e9712@12/AddonsAfter] : Starting activity...
[2020-12-21T11:24:33.305Z] INFO  [3059]  - [Application deployment code-pipeline-1557071909827-BuildArtifact-ffdb3753-294a-407a-bec1-cf5eeb0e9712@12/AddonsAfter/ConfigLogRotation] : Starting activity...
[2020-12-21T11:24:33.305Z] INFO  [3059]  - [Application deployment code-pipeline-1557071909827-BuildArtifact-ffdb3753-294a-407a-bec1-cf5eeb0e9712@12/AddonsAfter/ConfigLogRotation/10-config.sh] : Starting activity...
[2020-12-21T11:24:33.471Z] INFO  [3059]  - [Application deployment code-pipeline-1557071909827-BuildArtifact-ffdb3753-294a-407a-bec1-cf5eeb0e9712@12/AddonsAfter/ConfigLogRotation/10-config.sh] : Completed activity. Result:
  Disabled forced hourly log rotation.
[2020-12-21T11:24:33.471Z] INFO  [3059]  - [Application deployment code-pipeline-1557071909827-BuildArtifact-ffdb3753-294a-407a-bec1-cf5eeb0e9712@12/AddonsAfter/ConfigLogRotation] : Completed activity. Result:
  Successfully execute hooks in directory /opt/elasticbeanstalk/addons/logpublish/hooks/config.
[2020-12-21T11:24:33.471Z] INFO  [3059]  - [Application deployment code-pipeline-1557071909827-BuildArtifact-ffdb3753-294a-407a-bec1-cf5eeb0e9712@12/AddonsAfter] : Completed activity.
[2020-12-21T11:24:33.471Z] INFO  [3059]  - [Application deployment code-pipeline-1557071909827-BuildArtifact-ffdb3753-294a-407a-bec1-cf5eeb0e9712@12] : Completed activity. Result:
  Application deployment - Command CMD-SelfStartup succeeded
******************* End of taillog *******************


[2020-12-21T11:24:34.541Z] Tailing /var/log/eb-tools.log

******************* eb-tools taillog *******************
***eb-tools is not available yet.***
******************* End of taillog *******************


[2020-12-21T11:24:34.549Z] Tailing /var/log/eb-version-deployment.log

******************* eb-version-deployment taillog *******************
***eb-version-deployment is not available yet.***
******************* End of taillog *******************


[2020-12-21T11:24:34.550Z] Tailing /var/log/cfn-init.log

******************* cfn-init taillog *******************
2020-12-21 11:23:47,434 [INFO] -----------------------Starting build-----------------------
2020-12-21 11:23:47,441 [INFO] Running configSets: _OnInstanceBoot
2020-12-21 11:23:47,444 [INFO] Running configSet _OnInstanceBoot
2020-12-21 11:23:47,448 [INFO] Running config AWSEBBaseConfig
2020-12-21 11:23:47,453 [INFO] Command clearbackupfiles succeeded
2020-12-21 11:23:47,459 [INFO] Running config AWSEBMessageOfTheDay
2020-12-21 11:23:47,463 [INFO] Command 01clearoriginal succeeded
2020-12-21 11:23:47,467 [INFO] Command 02createbanner succeeded
2020-12-21 11:23:47,478 [INFO] Command 03updatebanner succeeded
2020-12-21 11:23:47,483 [INFO] Running config AWSEBULimitConfig
2020-12-21 11:23:47,487 [INFO] Command 00removebackup succeeded
2020-12-21 11:23:47,492 [INFO] Running config Infra-InstallContainerHooksPkg
2020-12-21 11:23:47,495 [INFO] Command 00mkdir succeeded
2020-12-21 11:23:47,622 [INFO] Command 01download_container_hooks succeeded
2020-12-21 11:23:47,629 [INFO] Command 02install_container_hooks succeeded
2020-12-21 11:23:47,632 [INFO] Command 03cleanup succeeded
2020-12-21 11:23:47,637 [INFO] Running config Infra-WriteLeaderTestScript
2020-12-21 11:23:47,642 [INFO] Running config Infra-WriteTailLogsConf
2020-12-21 11:23:47,647 [INFO] Running config Infra-WriteSystemTailLogsConf
2020-12-21 11:23:47,652 [INFO] Running config Infra-WriteBundleLogsConf
2020-12-21 11:23:47,657 [INFO] Running config Infra-WritePublishLogsConf
2020-12-21 11:23:47,661 [INFO] Running config Infra-WritePublishLogsCron
2020-12-21 11:23:47,663 [INFO] ConfigSets completed
2020-12-21 11:23:47,663 [INFO] -----------------------Build complete-----------------------
2020-12-21 11:23:56,390 [INFO] -----------------------Starting build-----------------------
2020-12-21 11:23:56,397 [INFO] Running configSets: Infra-EmbeddedPreBuild
2020-12-21 11:23:56,400 [INFO] Running configSet Infra-EmbeddedPreBuild
2020-12-21 11:23:56,400 [INFO] ConfigSets completed
2020-12-21 11:23:56,400 [INFO] -----------------------Build complete-----------------------
2020-12-21 11:24:24,833 [INFO] -----------------------Starting build-----------------------
2020-12-21 11:24:24,840 [INFO] Running configSets: Infra-EmbeddedPostBuild
2020-12-21 11:24:24,843 [INFO] Running configSet Infra-EmbeddedPostBuild
2020-12-21 11:24:24,843 [INFO] ConfigSets completed
2020-12-21 11:24:24,843 [INFO] -----------------------Build complete-----------------------
******************* End of taillog *******************


[2020-12-21T11:24:34.562Z] Tailing /var/log/cfn-hup.log

******************* cfn-hup taillog *******************
2020-12-21 11:24:34,282 [DEBUG] CloudFormation client initialized with endpoint https://cloudformation.eu-west-2.amazonaws.com
2020-12-21 11:24:34,282 [DEBUG] SQS client initialized with endpoint https://eu-west-2.queue.amazonaws.com
2020-12-21 11:24:34,282 [DEBUG] CloudFormation client initialized with endpoint https://cloudformation.eu-west-2.amazonaws.com
2020-12-21 11:24:34,283 [DEBUG] Enabled single threading mode.
2020-12-21 11:24:34,283 [DEBUG] Creating /var/lib/cfn-hup/data
2020-12-21 11:24:34,290 [INFO] No umask value specified in config file. Using the default one: 022
2020-12-21 11:24:34,313 [DEBUG] Registering listener i-014f4473e061e7aa7 for stack arn:aws:cloudformation:eu-west-2:657963024342:stack/awseb-e-3kpp23zhph-stack/0d57f770-0ae8-11e9-9d63-5081eddf4462
******************* End of taillog *******************


[2020-12-21T11:24:34.574Z] Completed EB Bootstrapping Script.
+ exit 0
